0 info it worked if it ends with ok
1 verbose cli [ '/usr/bin/node', '/usr/bin/npm', 'run', 'build' ]
2 info using npm@3.5.2
3 info using node@v6.11.4
4 verbose run-script [ 'prebuild', 'build', 'postbuild' ]
5 info lifecycle mercator@1.0.0~prebuild: mercator@1.0.0
6 silly lifecycle mercator@1.0.0~prebuild: no script for prebuild, continuing
7 info lifecycle mercator@1.0.0~build: mercator@1.0.0
8 verbose lifecycle mercator@1.0.0~build: unsafe-perm in lifecycle true
9 verbose lifecycle mercator@1.0.0~build: PATH: /usr/share/npm/bin/node-gyp-bin:/home/raj/Desktop/oss/geopuzzle/node_modules/.bin:/home/raj/Desktop/oss/geopuzzle/env/bin:/home/raj/anaconda3/bin:/usr/local/sbin:/usr/local/bin:/usr/sbin:/usr/bin:/sbin:/bin:/usr/games:/usr/local/games:/snap/bin
10 verbose lifecycle mercator@1.0.0~build: CWD: /home/raj/Desktop/oss/geopuzzle
11 silly lifecycle mercator@1.0.0~build: Args: [ '-c', 'webpack --progress --mode production' ]
12 info lifecycle mercator@1.0.0~build: Failed to exec build script
13 verbose stack Error: mercator@1.0.0 build: `webpack --progress --mode production`
13 verbose stack spawn ENOENT
13 verbose stack     at ChildProcess.<anonymous> (/usr/share/npm/lib/utils/spawn.js:17:16)
13 verbose stack     at emitTwo (events.js:106:13)
13 verbose stack     at ChildProcess.emit (events.js:191:7)
13 verbose stack     at maybeClose (internal/child_process.js:920:16)
13 verbose stack     at Process.ChildProcess._handle.onexit (internal/child_process.js:230:5)
14 verbose pkgid mercator@1.0.0
15 verbose cwd /home/raj/Desktop/oss/geopuzzle
16 error Linux 4.13.0-43-generic
17 error argv "/usr/bin/node" "/usr/bin/npm" "run" "build"
18 error node v6.11.4
19 error npm  v3.5.2
20 error file sh
21 error code ELIFECYCLE
22 error errno ENOENT
23 error syscall spawn
24 error mercator@1.0.0 build: `webpack --progress --mode production`
24 error spawn ENOENT
25 error Failed at the mercator@1.0.0 build script 'webpack --progress --mode production'.
25 error Make sure you have the latest version of node.js and npm installed.
25 error If you do, this is most likely a problem with the mercator package,
25 error not with npm itself.
25 error Tell the author that this fails on your system:
25 error     webpack --progress --mode production
25 error You can get information on how to open an issue for this project with:
25 error     npm bugs mercator
25 error Or if that isn't available, you can get their info via:
25 error     npm owner ls mercator
25 error There is likely additional logging output above.
26 verbose exit [ 1, true ]
